[debug] [2022-02-01T16:48:59.709Z] ----------------------------------------------------------------------
[debug] [2022-02-01T16:48:59.711Z] Command:       /usr/bin/node /usr/bin/firebase init
[debug] [2022-02-01T16:48:59.712Z] CLI Version:   10.1.3
[debug] [2022-02-01T16:48:59.712Z] Platform:      linux
[debug] [2022-02-01T16:48:59.712Z] Node Version:  v14.18.3
[debug] [2022-02-01T16:48:59.712Z] Time:          Tue Feb 01 2022 11:48:59 GMT-0500 (Eastern Standard Time)
[debug] [2022-02-01T16:48:59.713Z] ----------------------------------------------------------------------
[debug] 
[debug] [2022-02-01T16:48:59.720Z] > command requires scopes: ["email","openid","https://www.googleapis.com/auth/cloudplatformprojects.readonly","https://www.googleapis.com/auth/firebase","https://www.googleapis.com/auth/cloud-platform"]
[debug] [2022-02-01T16:48:59.720Z] > authorizing via signed-in user (kinobimonis@gmail.com)
[info] 
     ######## #### ########  ######## ########     ###     ######  ########
     ##        ##  ##     ## ##       ##     ##  ##   ##  ##       ##
     ######    ##  ########  ######   ########  #########  ######  ######
     ##        ##  ##    ##  ##       ##     ## ##     ##       ## ##
     ##       #### ##     ## ######## ########  ##     ##  ######  ########

You're about to initialize a Firebase project in this directory:

  /home/manuel/Desktop/projects/instagroom-client/client

[info] 
=== Project Setup
[info] 
[info] First, let's associate this project directory with a Firebase project.
[info] You can create multiple project aliases by running firebase use --add, 
[info] but for now we'll just set up a default project.
[info] 
[debug] [2022-02-01T16:49:39.745Z] >>> [apiv2][query] GET https://firebase.googleapis.com/v1beta1/projects pageSize=100
[debug] [2022-02-01T16:49:40.725Z] <<< [apiv2][status] GET https://firebase.googleapis.com/v1beta1/projects 200
[debug] [2022-02-01T16:49:40.726Z] <<< [apiv2][body] GET https://firebase.googleapis.com/v1beta1/projects [omitted]
[info] i  Using project insta-groom (insta-groom) 
[info] 
=== Hosting Setup
[info] 
[info] Your public directory is the folder (relative to your project directory) that
[info] will contain Hosting assets to be uploaded with firebase deploy. If you
[info] have a build process for your assets, use your build's output directory.
[info] 
[debug] [2022-02-01T16:54:31.073Z] >>> [apiv2][query] GET https://www.gstatic.com/firebasejs/releases.json [none]
[debug] [2022-02-01T16:54:31.536Z] <<< [apiv2][status] GET https://www.gstatic.com/firebasejs/releases.json 200
[debug] [2022-02-01T16:54:31.536Z] <<< [apiv2][body] GET https://www.gstatic.com/firebasejs/releases.json {"current":{"version":"9.6.5","browserURL":"https://www.gstatic.com/firebasejs/9.6.5/firebase.js","packageURL":"https://www.gstatic.com/firebasejs/9.6.5/firebase.tgz"},"live":{"version":"9.6","browserURL":"https://www.gstatic.com/firebasejs/live/9.6/firebase.js","packageURL":"https://www.gstatic.com/firebasejs/live/9.6/firebase.tgz"},"components":{"analytics":"https://www.gstatic.com/firebasejs/9.6.5/firebase-analytics.js","app":"https://www.gstatic.com/firebasejs/9.6.5/firebase-app.js","app-check":"https://www.gstatic.com/firebasejs/9.6.5/firebase-app-check.js","auth":"https://www.gstatic.com/firebasejs/9.6.5/firebase-auth.js","auth/cordova":"https://www.gstatic.com/firebasejs/9.6.5/firebase-auth/cordova.js","auth/react-native":"https://www.gstatic.com/firebasejs/9.6.5/firebase-auth/react-native.js","functions":"https://www.gstatic.com/firebasejs/9.6.5/firebase-functions.js","firestore":"https://www.gstatic.com/firebasejs/9.6.5/firebase-firestore.js","firestore/lite":"https://www.gstatic.com/firebasejs/9.6.5/firebase-firestore/lite.js","storage":"https://www.gstatic.com/firebasejs/9.6.5/firebase-storage.js","performance":"https://www.gstatic.com/firebasejs/9.6.5/firebase-performance.js","remote-config":"https://www.gstatic.com/firebasejs/9.6.5/firebase-remote-config.js","messaging":"https://www.gstatic.com/firebasejs/9.6.5/firebase-messaging.js","messaging/sw":"https://www.gstatic.com/firebasejs/9.6.5/firebase-messaging/sw.js","database":"https://www.gstatic.com/firebasejs/9.6.5/firebase-database.js","firestore.memory":"https://www.gstatic.com/firebasejs/9.6.5/firebase-firestore.memory.js"}}
[info] ✔  Wrote build/index.html 
[info] 
[info] i  Detected a .git folder at /home/manuel/Desktop/projects/instagroom-client 
[info] i  Authorizing with GitHub to upload your service account to a GitHub repository's secrets store. 
[info] 
[info] Visit this URL on this device to log in:
[info] https://github.com/login/oauth/authorize?client_id=89cf50f02ac6aaed3484&state=1026242576&redirect_uri=http%3A%2F%2Flocalhost%3A9005&scope=read%3Auser%20repo%20public_repo
[info] 
[info] Waiting for authentication...
[debug] [2022-02-01T16:54:32.613Z] >>> HTTP REQUEST POST https://github.com/login/oauth/access_token  
 {"client_id":"89cf50f02ac6aaed3484","client_secret":"3330d14abc895d9a74d5f17cd7a00711fa2c5bf0","code":"27c06c5d325652df37ff","redirect_uri":"http://localhost:9005","state":"1026242576"}
[debug] [2022-02-01T16:54:33.782Z] <<< HTTP RESPONSE 200 {"server":"GitHub.com","date":"Tue, 01 Feb 2022 16:54:36 GMT","content-type":"application/json; charset=utf-8","transfer-encoding":"chunked","vary":"X-PJAX, X-PJAX-Container, Accept-Encoding, Accept, X-Requested-With","permissions-policy":"interest-cohort=()","etag":"W/\"ba3947cf7c36f71c7b70ed05a70bd1b0\"","cache-control":"max-age=0, private, must-revalidate","strict-transport-security":"max-age=31536000; includeSubdomains; preload","x-frame-options":"deny","x-content-type-options":"nosniff","x-xss-protection":"0","referrer-policy":"origin-when-cross-origin, strict-origin-when-cross-origin","expect-ct":"max-age=2592000, report-uri=\"https://api.github.com/_private/browser/errors\"","content-security-policy":"default-src 'none'; base-uri 'self'; block-all-mixed-content; child-src github.com/assets-cdn/worker/ gist.github.com/assets-cdn/worker/; connect-src 'self' uploads.github.com objects-origin.githubusercontent.com www.githubstatus.com collector.githubapp.com collector.github.com api.github.com github-cloud.s3.amazonaws.com github-production-repository-file-5c1aeb.s3.amazonaws.com github-production-upload-manifest-file-7fdce7.s3.amazonaws.com github-production-user-asset-6210df.s3.amazonaws.com cdn.optimizely.com logx.optimizely.com/v1/events translator.github.com wss://alive.github.com; font-src github.githubassets.com; form-action 'self' github.com gist.github.com objects-origin.githubusercontent.com; frame-ancestors 'none'; frame-src render.githubusercontent.com viewscreen.githubusercontent.com notebooks.githubusercontent.com; img-src 'self' data: github.githubassets.com identicons.github.com collector.githubapp.com collector.github.com github-cloud.s3.amazonaws.com secured-user-images.githubusercontent.com/ *.githubusercontent.com; manifest-src 'self'; media-src github.com user-images.githubusercontent.com/; script-src github.githubassets.com; style-src 'unsafe-inline' github.githubassets.com; worker-src github.com/assets-cdn/worker/ gist.github.com/assets-cdn/worker/","x-github-request-id":"FFE1:D803:60518B:63D2BD:61F965CB"}
[debug] [2022-02-01T16:54:33.807Z] >>> [apiv2][query] GET https://api.github.com/user [none]
[debug] [2022-02-01T16:54:34.342Z] <<< [apiv2][status] GET https://api.github.com/user 200
[debug] [2022-02-01T16:54:34.342Z] <<< [apiv2][body] GET https://api.github.com/user {"login":"Manuel-heav","id":66178225,"node_id":"MDQ6VXNlcjY2MTc4MjI1","avatar_url":"https://avatars.githubusercontent.com/u/66178225?v=4","gravatar_id":"","url":"https://api.github.com/users/Manuel-heav","html_url":"https://github.com/Manuel-heav","followers_url":"https://api.github.com/users/Manuel-heav/followers","following_url":"https://api.github.com/users/Manuel-heav/following{/other_user}","gists_url":"https://api.github.com/users/Manuel-heav/gists{/gist_id}","starred_url":"https://api.github.com/users/Manuel-heav/starred{/owner}{/repo}","subscriptions_url":"https://api.github.com/users/Manuel-heav/subscriptions","organizations_url":"https://api.github.com/users/Manuel-heav/orgs","repos_url":"https://api.github.com/users/Manuel-heav/repos","events_url":"https://api.github.com/users/Manuel-heav/events{/privacy}","received_events_url":"https://api.github.com/users/Manuel-heav/received_events","type":"User","site_admin":false,"name":null,"company":null,"blog":"","location":null,"email":null,"hireable":null,"bio":"Eager to learn more and more","twitter_username":null,"public_repos":31,"public_gists":0,"followers":18,"following":11,"created_at":"2020-05-30T17:24:50Z","updated_at":"2022-01-29T16:17:52Z","private_gists":0,"total_private_repos":1,"owned_private_repos":0,"disk_usage":62453,"collaborators":0,"two_factor_authentication":false,"plan":{"name":"free","space":976562499,"collaborators":0,"private_repos":10000}}
[info] 
[info] ✔  Success! Logged into GitHub as Manuel-heav 
[info] 
